[2025-10-06T17:02:23.544+0000] {processor.py:161} INFO - Started process (PID=78) to work on /opt/airflow/dags/airflow.py
[2025-10-06T17:02:23.546+0000] {processor.py:830} INFO - Processing file /opt/airflow/dags/airflow.py for tasks to queue
[2025-10-06T17:02:23.548+0000] {logging_mixin.py:188} INFO - [2025-10-06T17:02:23.548+0000] {dagbag.py:545} INFO - Filling up the DagBag from /opt/airflow/dags/airflow.py
[2025-10-06T17:02:23.552+0000] {logging_mixin.py:188} INFO - [2025-10-06T17:02:23.551+0000] {dagbag.py:355} ERROR - Failed to import: /opt/airflow/dags/airflow.py
Traceback (most recent call last):
  File "/home/airflow/.local/lib/python3.12/site-packages/airflow/models/dagbag.py", line 351, in parse
    loader.exec_module(new_module)
  File "<frozen importlib._bootstrap_external>", line 995, in exec_module
  File "<frozen importlib._bootstrap>", line 488, in _call_with_frames_removed
  File "/opt/airflow/dags/airflow.py", line 4, in <module>
    from airflow.providers.standard.operators.python import PythonOperator
ModuleNotFoundError: No module named 'airflow.providers.standard'
[2025-10-06T17:02:23.552+0000] {processor.py:842} WARNING - No viable dags retrieved from /opt/airflow/dags/airflow.py
[2025-10-06T17:02:23.569+0000] {processor.py:183} INFO - Processing /opt/airflow/dags/airflow.py took 0.028 seconds
[2025-10-06T17:02:53.748+0000] {processor.py:161} INFO - Started process (PID=85) to work on /opt/airflow/dags/airflow.py
[2025-10-06T17:02:53.749+0000] {processor.py:830} INFO - Processing file /opt/airflow/dags/airflow.py for tasks to queue
[2025-10-06T17:02:53.750+0000] {logging_mixin.py:188} INFO - [2025-10-06T17:02:53.750+0000] {dagbag.py:545} INFO - Filling up the DagBag from /opt/airflow/dags/airflow.py
[2025-10-06T17:02:53.753+0000] {logging_mixin.py:188} INFO - [2025-10-06T17:02:53.752+0000] {dagbag.py:355} ERROR - Failed to import: /opt/airflow/dags/airflow.py
Traceback (most recent call last):
  File "/home/airflow/.local/lib/python3.12/site-packages/airflow/models/dagbag.py", line 351, in parse
    loader.exec_module(new_module)
  File "<frozen importlib._bootstrap_external>", line 995, in exec_module
  File "<frozen importlib._bootstrap>", line 488, in _call_with_frames_removed
  File "/opt/airflow/dags/airflow.py", line 4, in <module>
    from airflow.providers.standard.operators.python import PythonOperator
ModuleNotFoundError: No module named 'airflow.providers.standard'
[2025-10-06T17:02:53.753+0000] {processor.py:842} WARNING - No viable dags retrieved from /opt/airflow/dags/airflow.py
[2025-10-06T17:02:53.762+0000] {processor.py:183} INFO - Processing /opt/airflow/dags/airflow.py took 0.017 seconds
[2025-10-06T17:03:23.967+0000] {processor.py:161} INFO - Started process (PID=92) to work on /opt/airflow/dags/airflow.py
[2025-10-06T17:03:23.967+0000] {processor.py:830} INFO - Processing file /opt/airflow/dags/airflow.py for tasks to queue
[2025-10-06T17:03:23.969+0000] {logging_mixin.py:188} INFO - [2025-10-06T17:03:23.969+0000] {dagbag.py:545} INFO - Filling up the DagBag from /opt/airflow/dags/airflow.py
[2025-10-06T17:03:23.973+0000] {logging_mixin.py:188} INFO - [2025-10-06T17:03:23.972+0000] {dagbag.py:355} ERROR - Failed to import: /opt/airflow/dags/airflow.py
Traceback (most recent call last):
  File "/home/airflow/.local/lib/python3.12/site-packages/airflow/models/dagbag.py", line 351, in parse
    loader.exec_module(new_module)
  File "<frozen importlib._bootstrap_external>", line 995, in exec_module
  File "<frozen importlib._bootstrap>", line 488, in _call_with_frames_removed
  File "/opt/airflow/dags/airflow.py", line 4, in <module>
    from airflow.providers.standard.operators.python import PythonOperator
ModuleNotFoundError: No module named 'airflow.providers.standard'
[2025-10-06T17:03:23.973+0000] {processor.py:842} WARNING - No viable dags retrieved from /opt/airflow/dags/airflow.py
[2025-10-06T17:03:23.985+0000] {processor.py:183} INFO - Processing /opt/airflow/dags/airflow.py took 0.022 seconds
[2025-10-06T17:03:54.159+0000] {processor.py:161} INFO - Started process (PID=99) to work on /opt/airflow/dags/airflow.py
[2025-10-06T17:03:54.159+0000] {processor.py:830} INFO - Processing file /opt/airflow/dags/airflow.py for tasks to queue
[2025-10-06T17:03:54.161+0000] {logging_mixin.py:188} INFO - [2025-10-06T17:03:54.161+0000] {dagbag.py:545} INFO - Filling up the DagBag from /opt/airflow/dags/airflow.py
[2025-10-06T17:03:54.164+0000] {logging_mixin.py:188} INFO - [2025-10-06T17:03:54.163+0000] {dagbag.py:355} ERROR - Failed to import: /opt/airflow/dags/airflow.py
Traceback (most recent call last):
  File "/home/airflow/.local/lib/python3.12/site-packages/airflow/models/dagbag.py", line 351, in parse
    loader.exec_module(new_module)
  File "<frozen importlib._bootstrap_external>", line 995, in exec_module
  File "<frozen importlib._bootstrap>", line 488, in _call_with_frames_removed
  File "/opt/airflow/dags/airflow.py", line 4, in <module>
    from airflow.providers.standard.operators.python import PythonOperator
ModuleNotFoundError: No module named 'airflow.providers.standard'
[2025-10-06T17:03:54.164+0000] {processor.py:842} WARNING - No viable dags retrieved from /opt/airflow/dags/airflow.py
[2025-10-06T17:03:54.175+0000] {processor.py:183} INFO - Processing /opt/airflow/dags/airflow.py took 0.021 seconds
[2025-10-06T17:04:24.432+0000] {processor.py:161} INFO - Started process (PID=106) to work on /opt/airflow/dags/airflow.py
[2025-10-06T17:04:24.433+0000] {processor.py:830} INFO - Processing file /opt/airflow/dags/airflow.py for tasks to queue
[2025-10-06T17:04:24.435+0000] {logging_mixin.py:188} INFO - [2025-10-06T17:04:24.434+0000] {dagbag.py:545} INFO - Filling up the DagBag from /opt/airflow/dags/airflow.py
[2025-10-06T17:04:24.442+0000] {logging_mixin.py:188} INFO - [2025-10-06T17:04:24.441+0000] {dagbag.py:355} ERROR - Failed to import: /opt/airflow/dags/airflow.py
Traceback (most recent call last):
  File "/home/airflow/.local/lib/python3.12/site-packages/airflow/models/dagbag.py", line 351, in parse
    loader.exec_module(new_module)
  File "<frozen importlib._bootstrap_external>", line 995, in exec_module
  File "<frozen importlib._bootstrap>", line 488, in _call_with_frames_removed
  File "/opt/airflow/dags/airflow.py", line 4, in <module>
    from airflow.providers.standard.operators.python import PythonOperator
ModuleNotFoundError: No module named 'airflow.providers.standard'
[2025-10-06T17:04:24.443+0000] {processor.py:842} WARNING - No viable dags retrieved from /opt/airflow/dags/airflow.py
[2025-10-06T17:04:24.458+0000] {processor.py:183} INFO - Processing /opt/airflow/dags/airflow.py took 0.039 seconds
[2025-10-06T17:04:54.660+0000] {processor.py:161} INFO - Started process (PID=113) to work on /opt/airflow/dags/airflow.py
[2025-10-06T17:04:54.661+0000] {processor.py:830} INFO - Processing file /opt/airflow/dags/airflow.py for tasks to queue
[2025-10-06T17:04:54.662+0000] {logging_mixin.py:188} INFO - [2025-10-06T17:04:54.662+0000] {dagbag.py:545} INFO - Filling up the DagBag from /opt/airflow/dags/airflow.py
[2025-10-06T17:04:54.667+0000] {logging_mixin.py:188} INFO - [2025-10-06T17:04:54.665+0000] {dagbag.py:355} ERROR - Failed to import: /opt/airflow/dags/airflow.py
Traceback (most recent call last):
  File "/home/airflow/.local/lib/python3.12/site-packages/airflow/models/dagbag.py", line 351, in parse
    loader.exec_module(new_module)
  File "<frozen importlib._bootstrap_external>", line 995, in exec_module
  File "<frozen importlib._bootstrap>", line 488, in _call_with_frames_removed
  File "/opt/airflow/dags/airflow.py", line 4, in <module>
    from airflow.providers.standard.operators.python import PythonOperator
ModuleNotFoundError: No module named 'airflow.providers.standard'
[2025-10-06T17:04:54.667+0000] {processor.py:842} WARNING - No viable dags retrieved from /opt/airflow/dags/airflow.py
[2025-10-06T17:04:54.685+0000] {processor.py:183} INFO - Processing /opt/airflow/dags/airflow.py took 0.029 seconds
[2025-10-06T17:05:01.762+0000] {processor.py:161} INFO - Started process (PID=120) to work on /opt/airflow/dags/airflow.py
[2025-10-06T17:05:01.763+0000] {processor.py:830} INFO - Processing file /opt/airflow/dags/airflow.py for tasks to queue
[2025-10-06T17:05:01.764+0000] {logging_mixin.py:188} INFO - [2025-10-06T17:05:01.764+0000] {dagbag.py:545} INFO - Filling up the DagBag from /opt/airflow/dags/airflow.py
[2025-10-06T17:05:02.846+0000] {processor.py:840} INFO - DAG(s) 'Airflow_Lab1' retrieved from /opt/airflow/dags/airflow.py
[2025-10-06T17:05:02.952+0000] {logging_mixin.py:188} INFO - [2025-10-06T17:05:02.952+0000] {override.py:1829} INFO - Created Permission View: can edit on DAG:Airflow_Lab1
[2025-10-06T17:05:02.955+0000] {logging_mixin.py:188} INFO - [2025-10-06T17:05:02.955+0000] {override.py:1829} INFO - Created Permission View: can read on DAG:Airflow_Lab1
[2025-10-06T17:05:02.957+0000] {logging_mixin.py:188} INFO - [2025-10-06T17:05:02.957+0000] {override.py:1829} INFO - Created Permission View: can delete on DAG:Airflow_Lab1
[2025-10-06T17:05:02.957+0000] {logging_mixin.py:188} INFO - [2025-10-06T17:05:02.957+0000] {dag.py:3096} INFO - Sync 1 DAGs
[2025-10-06T17:05:02.963+0000] {logging_mixin.py:188} INFO - [2025-10-06T17:05:02.963+0000] {dag.py:3118} INFO - Creating ORM DAG for Airflow_Lab1
[2025-10-06T17:05:02.967+0000] {logging_mixin.py:188} INFO - [2025-10-06T17:05:02.967+0000] {dag.py:3954} INFO - Setting next_dagrun for Airflow_Lab1 to 2025-10-05 00:00:00+00:00, run_after=2025-10-06 00:00:00+00:00
[2025-10-06T17:05:02.972+0000] {processor.py:183} INFO - Processing /opt/airflow/dags/airflow.py took 1.214 seconds
[2025-10-06T17:05:33.009+0000] {processor.py:161} INFO - Started process (PID=138) to work on /opt/airflow/dags/airflow.py
[2025-10-06T17:05:33.010+0000] {processor.py:830} INFO - Processing file /opt/airflow/dags/airflow.py for tasks to queue
[2025-10-06T17:05:33.012+0000] {logging_mixin.py:188} INFO - [2025-10-06T17:05:33.012+0000] {dagbag.py:545} INFO - Filling up the DagBag from /opt/airflow/dags/airflow.py
[2025-10-06T17:05:33.477+0000] {processor.py:840} INFO - DAG(s) 'Airflow_Lab1' retrieved from /opt/airflow/dags/airflow.py
[2025-10-06T17:05:33.486+0000] {logging_mixin.py:188} INFO - [2025-10-06T17:05:33.486+0000] {dag.py:3096} INFO - Sync 1 DAGs
[2025-10-06T17:05:33.493+0000] {logging_mixin.py:188} INFO - [2025-10-06T17:05:33.492+0000] {dag.py:3954} INFO - Setting next_dagrun for Airflow_Lab1 to 2025-10-06 00:00:00+00:00, run_after=2025-10-07 00:00:00+00:00
[2025-10-06T17:05:33.498+0000] {processor.py:183} INFO - Processing /opt/airflow/dags/airflow.py took 0.495 seconds
[2025-10-06T17:06:03.737+0000] {processor.py:161} INFO - Started process (PID=156) to work on /opt/airflow/dags/airflow.py
[2025-10-06T17:06:03.738+0000] {processor.py:830} INFO - Processing file /opt/airflow/dags/airflow.py for tasks to queue
[2025-10-06T17:06:03.740+0000] {logging_mixin.py:188} INFO - [2025-10-06T17:06:03.740+0000] {dagbag.py:545} INFO - Filling up the DagBag from /opt/airflow/dags/airflow.py
[2025-10-06T17:06:04.245+0000] {processor.py:840} INFO - DAG(s) 'Airflow_Lab1' retrieved from /opt/airflow/dags/airflow.py
[2025-10-06T17:06:04.255+0000] {logging_mixin.py:188} INFO - [2025-10-06T17:06:04.255+0000] {dag.py:3096} INFO - Sync 1 DAGs
[2025-10-06T17:06:04.262+0000] {logging_mixin.py:188} INFO - [2025-10-06T17:06:04.262+0000] {dag.py:3954} INFO - Setting next_dagrun for Airflow_Lab1 to 2025-10-06 00:00:00+00:00, run_after=2025-10-07 00:00:00+00:00
[2025-10-06T17:06:04.268+0000] {processor.py:183} INFO - Processing /opt/airflow/dags/airflow.py took 0.537 seconds
[2025-10-06T17:06:34.535+0000] {processor.py:161} INFO - Started process (PID=174) to work on /opt/airflow/dags/airflow.py
[2025-10-06T17:06:34.536+0000] {processor.py:830} INFO - Processing file /opt/airflow/dags/airflow.py for tasks to queue
[2025-10-06T17:06:34.539+0000] {logging_mixin.py:188} INFO - [2025-10-06T17:06:34.538+0000] {dagbag.py:545} INFO - Filling up the DagBag from /opt/airflow/dags/airflow.py
[2025-10-06T17:06:34.989+0000] {processor.py:840} INFO - DAG(s) 'Airflow_Lab1' retrieved from /opt/airflow/dags/airflow.py
[2025-10-06T17:06:34.998+0000] {logging_mixin.py:188} INFO - [2025-10-06T17:06:34.998+0000] {dag.py:3096} INFO - Sync 1 DAGs
[2025-10-06T17:06:35.005+0000] {logging_mixin.py:188} INFO - [2025-10-06T17:06:35.005+0000] {dag.py:3954} INFO - Setting next_dagrun for Airflow_Lab1 to 2025-10-06 00:00:00+00:00, run_after=2025-10-07 00:00:00+00:00
[2025-10-06T17:06:35.011+0000] {processor.py:183} INFO - Processing /opt/airflow/dags/airflow.py took 0.483 seconds
[2025-10-06T17:07:05.147+0000] {processor.py:161} INFO - Started process (PID=191) to work on /opt/airflow/dags/airflow.py
[2025-10-06T17:07:05.148+0000] {processor.py:830} INFO - Processing file /opt/airflow/dags/airflow.py for tasks to queue
[2025-10-06T17:07:05.149+0000] {logging_mixin.py:188} INFO - [2025-10-06T17:07:05.149+0000] {dagbag.py:545} INFO - Filling up the DagBag from /opt/airflow/dags/airflow.py
[2025-10-06T17:07:05.703+0000] {processor.py:840} INFO - DAG(s) 'Airflow_Lab1' retrieved from /opt/airflow/dags/airflow.py
[2025-10-06T17:07:05.719+0000] {logging_mixin.py:188} INFO - [2025-10-06T17:07:05.719+0000] {dag.py:3096} INFO - Sync 1 DAGs
[2025-10-06T17:07:05.730+0000] {logging_mixin.py:188} INFO - [2025-10-06T17:07:05.730+0000] {dag.py:3954} INFO - Setting next_dagrun for Airflow_Lab1 to 2025-10-06 00:00:00+00:00, run_after=2025-10-07 00:00:00+00:00
[2025-10-06T17:07:05.741+0000] {processor.py:183} INFO - Processing /opt/airflow/dags/airflow.py took 0.597 seconds
[2025-10-06T17:07:35.887+0000] {processor.py:161} INFO - Started process (PID=209) to work on /opt/airflow/dags/airflow.py
[2025-10-06T17:07:35.887+0000] {processor.py:830} INFO - Processing file /opt/airflow/dags/airflow.py for tasks to queue
[2025-10-06T17:07:35.888+0000] {logging_mixin.py:188} INFO - [2025-10-06T17:07:35.888+0000] {dagbag.py:545} INFO - Filling up the DagBag from /opt/airflow/dags/airflow.py
[2025-10-06T17:07:36.352+0000] {processor.py:840} INFO - DAG(s) 'Airflow_Lab1' retrieved from /opt/airflow/dags/airflow.py
[2025-10-06T17:07:36.363+0000] {logging_mixin.py:188} INFO - [2025-10-06T17:07:36.363+0000] {dag.py:3096} INFO - Sync 1 DAGs
[2025-10-06T17:07:36.370+0000] {logging_mixin.py:188} INFO - [2025-10-06T17:07:36.370+0000] {dag.py:3954} INFO - Setting next_dagrun for Airflow_Lab1 to 2025-10-06 00:00:00+00:00, run_after=2025-10-07 00:00:00+00:00
[2025-10-06T17:07:36.380+0000] {processor.py:183} INFO - Processing /opt/airflow/dags/airflow.py took 0.496 seconds
[2025-10-06T17:08:06.561+0000] {processor.py:161} INFO - Started process (PID=227) to work on /opt/airflow/dags/airflow.py
[2025-10-06T17:08:06.562+0000] {processor.py:830} INFO - Processing file /opt/airflow/dags/airflow.py for tasks to queue
[2025-10-06T17:08:06.564+0000] {logging_mixin.py:188} INFO - [2025-10-06T17:08:06.563+0000] {dagbag.py:545} INFO - Filling up the DagBag from /opt/airflow/dags/airflow.py
[2025-10-06T17:08:07.037+0000] {processor.py:840} INFO - DAG(s) 'Airflow_Lab1' retrieved from /opt/airflow/dags/airflow.py
[2025-10-06T17:08:07.046+0000] {logging_mixin.py:188} INFO - [2025-10-06T17:08:07.046+0000] {dag.py:3096} INFO - Sync 1 DAGs
[2025-10-06T17:08:07.053+0000] {logging_mixin.py:188} INFO - [2025-10-06T17:08:07.053+0000] {dag.py:3954} INFO - Setting next_dagrun for Airflow_Lab1 to 2025-10-06 00:00:00+00:00, run_after=2025-10-07 00:00:00+00:00
[2025-10-06T17:08:07.059+0000] {processor.py:183} INFO - Processing /opt/airflow/dags/airflow.py took 0.504 seconds
[2025-10-06T17:08:37.317+0000] {processor.py:161} INFO - Started process (PID=245) to work on /opt/airflow/dags/airflow.py
[2025-10-06T17:08:37.318+0000] {processor.py:830} INFO - Processing file /opt/airflow/dags/airflow.py for tasks to queue
[2025-10-06T17:08:37.320+0000] {logging_mixin.py:188} INFO - [2025-10-06T17:08:37.319+0000] {dagbag.py:545} INFO - Filling up the DagBag from /opt/airflow/dags/airflow.py
[2025-10-06T17:08:37.836+0000] {processor.py:840} INFO - DAG(s) 'Airflow_Lab1' retrieved from /opt/airflow/dags/airflow.py
[2025-10-06T17:08:37.846+0000] {logging_mixin.py:188} INFO - [2025-10-06T17:08:37.845+0000] {dag.py:3096} INFO - Sync 1 DAGs
[2025-10-06T17:08:37.852+0000] {logging_mixin.py:188} INFO - [2025-10-06T17:08:37.852+0000] {dag.py:3954} INFO - Setting next_dagrun for Airflow_Lab1 to 2025-10-06 00:00:00+00:00, run_after=2025-10-07 00:00:00+00:00
[2025-10-06T17:08:37.860+0000] {processor.py:183} INFO - Processing /opt/airflow/dags/airflow.py took 0.547 seconds
[2025-10-06T17:09:08.112+0000] {processor.py:161} INFO - Started process (PID=263) to work on /opt/airflow/dags/airflow.py
[2025-10-06T17:09:08.113+0000] {processor.py:830} INFO - Processing file /opt/airflow/dags/airflow.py for tasks to queue
[2025-10-06T17:09:08.114+0000] {logging_mixin.py:188} INFO - [2025-10-06T17:09:08.114+0000] {dagbag.py:545} INFO - Filling up the DagBag from /opt/airflow/dags/airflow.py
[2025-10-06T17:09:08.749+0000] {processor.py:840} INFO - DAG(s) 'Airflow_Lab1' retrieved from /opt/airflow/dags/airflow.py
[2025-10-06T17:09:08.764+0000] {logging_mixin.py:188} INFO - [2025-10-06T17:09:08.764+0000] {dag.py:3096} INFO - Sync 1 DAGs
[2025-10-06T17:09:08.775+0000] {logging_mixin.py:188} INFO - [2025-10-06T17:09:08.775+0000] {dag.py:3954} INFO - Setting next_dagrun for Airflow_Lab1 to 2025-10-06 00:00:00+00:00, run_after=2025-10-07 00:00:00+00:00
[2025-10-06T17:09:08.784+0000] {processor.py:183} INFO - Processing /opt/airflow/dags/airflow.py took 0.675 seconds
[2025-10-06T17:09:38.379+0000] {processor.py:161} INFO - Started process (PID=281) to work on /opt/airflow/dags/airflow.py
[2025-10-06T17:09:38.381+0000] {processor.py:830} INFO - Processing file /opt/airflow/dags/airflow.py for tasks to queue
[2025-10-06T17:09:38.382+0000] {logging_mixin.py:188} INFO - [2025-10-06T17:09:38.382+0000] {dagbag.py:545} INFO - Filling up the DagBag from /opt/airflow/dags/airflow.py
[2025-10-06T17:09:38.857+0000] {processor.py:840} INFO - DAG(s) 'Airflow_Lab1' retrieved from /opt/airflow/dags/airflow.py
[2025-10-06T17:09:38.891+0000] {logging_mixin.py:188} INFO - [2025-10-06T17:09:38.891+0000] {dag.py:3096} INFO - Sync 1 DAGs
[2025-10-06T17:09:38.896+0000] {logging_mixin.py:188} INFO - [2025-10-06T17:09:38.896+0000] {dag.py:3954} INFO - Setting next_dagrun for Airflow_Lab1 to 2025-10-06 00:00:00+00:00, run_after=2025-10-07 00:00:00+00:00
[2025-10-06T17:09:38.903+0000] {processor.py:183} INFO - Processing /opt/airflow/dags/airflow.py took 0.531 seconds
[2025-10-06T17:10:09.160+0000] {processor.py:161} INFO - Started process (PID=299) to work on /opt/airflow/dags/airflow.py
[2025-10-06T17:10:09.162+0000] {processor.py:830} INFO - Processing file /opt/airflow/dags/airflow.py for tasks to queue
[2025-10-06T17:10:09.164+0000] {logging_mixin.py:188} INFO - [2025-10-06T17:10:09.164+0000] {dagbag.py:545} INFO - Filling up the DagBag from /opt/airflow/dags/airflow.py
[2025-10-06T17:10:09.750+0000] {processor.py:840} INFO - DAG(s) 'Airflow_Lab1' retrieved from /opt/airflow/dags/airflow.py
[2025-10-06T17:10:09.763+0000] {logging_mixin.py:188} INFO - [2025-10-06T17:10:09.762+0000] {dag.py:3096} INFO - Sync 1 DAGs
[2025-10-06T17:10:09.770+0000] {logging_mixin.py:188} INFO - [2025-10-06T17:10:09.770+0000] {dag.py:3954} INFO - Setting next_dagrun for Airflow_Lab1 to 2025-10-06 00:00:00+00:00, run_after=2025-10-07 00:00:00+00:00
[2025-10-06T17:10:09.777+0000] {processor.py:183} INFO - Processing /opt/airflow/dags/airflow.py took 0.624 seconds
[2025-10-06T17:10:39.879+0000] {processor.py:161} INFO - Started process (PID=317) to work on /opt/airflow/dags/airflow.py
[2025-10-06T17:10:39.880+0000] {processor.py:830} INFO - Processing file /opt/airflow/dags/airflow.py for tasks to queue
[2025-10-06T17:10:39.882+0000] {logging_mixin.py:188} INFO - [2025-10-06T17:10:39.882+0000] {dagbag.py:545} INFO - Filling up the DagBag from /opt/airflow/dags/airflow.py
[2025-10-06T17:10:40.415+0000] {processor.py:840} INFO - DAG(s) 'Airflow_Lab1' retrieved from /opt/airflow/dags/airflow.py
[2025-10-06T17:10:40.426+0000] {logging_mixin.py:188} INFO - [2025-10-06T17:10:40.426+0000] {dag.py:3096} INFO - Sync 1 DAGs
[2025-10-06T17:10:40.434+0000] {logging_mixin.py:188} INFO - [2025-10-06T17:10:40.433+0000] {dag.py:3954} INFO - Setting next_dagrun for Airflow_Lab1 to 2025-10-06 00:00:00+00:00, run_after=2025-10-07 00:00:00+00:00
[2025-10-06T17:10:40.440+0000] {processor.py:183} INFO - Processing /opt/airflow/dags/airflow.py took 0.569 seconds
[2025-10-06T17:11:10.744+0000] {processor.py:161} INFO - Started process (PID=335) to work on /opt/airflow/dags/airflow.py
[2025-10-06T17:11:10.745+0000] {processor.py:830} INFO - Processing file /opt/airflow/dags/airflow.py for tasks to queue
[2025-10-06T17:11:10.748+0000] {logging_mixin.py:188} INFO - [2025-10-06T17:11:10.747+0000] {dagbag.py:545} INFO - Filling up the DagBag from /opt/airflow/dags/airflow.py
[2025-10-06T17:11:11.367+0000] {processor.py:840} INFO - DAG(s) 'Airflow_Lab1' retrieved from /opt/airflow/dags/airflow.py
[2025-10-06T17:11:11.379+0000] {logging_mixin.py:188} INFO - [2025-10-06T17:11:11.379+0000] {dag.py:3096} INFO - Sync 1 DAGs
[2025-10-06T17:11:11.386+0000] {logging_mixin.py:188} INFO - [2025-10-06T17:11:11.385+0000] {dag.py:3954} INFO - Setting next_dagrun for Airflow_Lab1 to 2025-10-06 00:00:00+00:00, run_after=2025-10-07 00:00:00+00:00
[2025-10-06T17:11:11.391+0000] {processor.py:183} INFO - Processing /opt/airflow/dags/airflow.py took 0.655 seconds
[2025-10-06T17:11:41.510+0000] {processor.py:161} INFO - Started process (PID=353) to work on /opt/airflow/dags/airflow.py
[2025-10-06T17:11:41.511+0000] {processor.py:830} INFO - Processing file /opt/airflow/dags/airflow.py for tasks to queue
[2025-10-06T17:11:41.513+0000] {logging_mixin.py:188} INFO - [2025-10-06T17:11:41.513+0000] {dagbag.py:545} INFO - Filling up the DagBag from /opt/airflow/dags/airflow.py
[2025-10-06T17:11:42.098+0000] {processor.py:840} INFO - DAG(s) 'Airflow_Lab1' retrieved from /opt/airflow/dags/airflow.py
[2025-10-06T17:11:42.109+0000] {logging_mixin.py:188} INFO - [2025-10-06T17:11:42.109+0000] {dag.py:3096} INFO - Sync 1 DAGs
[2025-10-06T17:11:42.118+0000] {logging_mixin.py:188} INFO - [2025-10-06T17:11:42.118+0000] {dag.py:3954} INFO - Setting next_dagrun for Airflow_Lab1 to 2025-10-06 00:00:00+00:00, run_after=2025-10-07 00:00:00+00:00
[2025-10-06T17:11:42.125+0000] {processor.py:183} INFO - Processing /opt/airflow/dags/airflow.py took 0.621 seconds
[2025-10-06T17:12:12.441+0000] {processor.py:161} INFO - Started process (PID=371) to work on /opt/airflow/dags/airflow.py
[2025-10-06T17:12:12.442+0000] {processor.py:830} INFO - Processing file /opt/airflow/dags/airflow.py for tasks to queue
[2025-10-06T17:12:12.445+0000] {logging_mixin.py:188} INFO - [2025-10-06T17:12:12.444+0000] {dagbag.py:545} INFO - Filling up the DagBag from /opt/airflow/dags/airflow.py
[2025-10-06T17:12:12.943+0000] {processor.py:840} INFO - DAG(s) 'Airflow_Lab1' retrieved from /opt/airflow/dags/airflow.py
[2025-10-06T17:12:12.953+0000] {logging_mixin.py:188} INFO - [2025-10-06T17:12:12.953+0000] {dag.py:3096} INFO - Sync 1 DAGs
[2025-10-06T17:12:12.961+0000] {logging_mixin.py:188} INFO - [2025-10-06T17:12:12.961+0000] {dag.py:3954} INFO - Setting next_dagrun for Airflow_Lab1 to 2025-10-06 00:00:00+00:00, run_after=2025-10-07 00:00:00+00:00
[2025-10-06T17:12:12.967+0000] {processor.py:183} INFO - Processing /opt/airflow/dags/airflow.py took 0.534 seconds
[2025-10-06T17:12:43.205+0000] {processor.py:161} INFO - Started process (PID=389) to work on /opt/airflow/dags/airflow.py
[2025-10-06T17:12:43.206+0000] {processor.py:830} INFO - Processing file /opt/airflow/dags/airflow.py for tasks to queue
[2025-10-06T17:12:43.209+0000] {logging_mixin.py:188} INFO - [2025-10-06T17:12:43.208+0000] {dagbag.py:545} INFO - Filling up the DagBag from /opt/airflow/dags/airflow.py
[2025-10-06T17:12:43.742+0000] {processor.py:840} INFO - DAG(s) 'Airflow_Lab1' retrieved from /opt/airflow/dags/airflow.py
[2025-10-06T17:12:43.751+0000] {logging_mixin.py:188} INFO - [2025-10-06T17:12:43.751+0000] {dag.py:3096} INFO - Sync 1 DAGs
[2025-10-06T17:12:43.759+0000] {logging_mixin.py:188} INFO - [2025-10-06T17:12:43.759+0000] {dag.py:3954} INFO - Setting next_dagrun for Airflow_Lab1 to 2025-10-06 00:00:00+00:00, run_after=2025-10-07 00:00:00+00:00
[2025-10-06T17:12:43.764+0000] {processor.py:183} INFO - Processing /opt/airflow/dags/airflow.py took 0.565 seconds
[2025-10-06T17:13:13.969+0000] {processor.py:161} INFO - Started process (PID=407) to work on /opt/airflow/dags/airflow.py
[2025-10-06T17:13:13.970+0000] {processor.py:830} INFO - Processing file /opt/airflow/dags/airflow.py for tasks to queue
[2025-10-06T17:13:13.971+0000] {logging_mixin.py:188} INFO - [2025-10-06T17:13:13.971+0000] {dagbag.py:545} INFO - Filling up the DagBag from /opt/airflow/dags/airflow.py
[2025-10-06T17:13:14.485+0000] {processor.py:840} INFO - DAG(s) 'Airflow_Lab1' retrieved from /opt/airflow/dags/airflow.py
[2025-10-06T17:13:14.497+0000] {logging_mixin.py:188} INFO - [2025-10-06T17:13:14.497+0000] {dag.py:3096} INFO - Sync 1 DAGs
[2025-10-06T17:13:14.505+0000] {logging_mixin.py:188} INFO - [2025-10-06T17:13:14.505+0000] {dag.py:3954} INFO - Setting next_dagrun for Airflow_Lab1 to 2025-10-06 00:00:00+00:00, run_after=2025-10-07 00:00:00+00:00
[2025-10-06T17:13:14.512+0000] {processor.py:183} INFO - Processing /opt/airflow/dags/airflow.py took 0.549 seconds
[2025-10-06T17:13:44.724+0000] {processor.py:161} INFO - Started process (PID=425) to work on /opt/airflow/dags/airflow.py
[2025-10-06T17:13:44.725+0000] {processor.py:830} INFO - Processing file /opt/airflow/dags/airflow.py for tasks to queue
[2025-10-06T17:13:44.727+0000] {logging_mixin.py:188} INFO - [2025-10-06T17:13:44.727+0000] {dagbag.py:545} INFO - Filling up the DagBag from /opt/airflow/dags/airflow.py
[2025-10-06T17:13:45.233+0000] {processor.py:840} INFO - DAG(s) 'Airflow_Lab1' retrieved from /opt/airflow/dags/airflow.py
[2025-10-06T17:13:45.242+0000] {logging_mixin.py:188} INFO - [2025-10-06T17:13:45.242+0000] {dag.py:3096} INFO - Sync 1 DAGs
[2025-10-06T17:13:45.250+0000] {logging_mixin.py:188} INFO - [2025-10-06T17:13:45.250+0000] {dag.py:3954} INFO - Setting next_dagrun for Airflow_Lab1 to 2025-10-06 00:00:00+00:00, run_after=2025-10-07 00:00:00+00:00
[2025-10-06T17:13:45.257+0000] {processor.py:183} INFO - Processing /opt/airflow/dags/airflow.py took 0.537 seconds
[2025-10-06T17:14:15.494+0000] {processor.py:161} INFO - Started process (PID=443) to work on /opt/airflow/dags/airflow.py
[2025-10-06T17:14:15.496+0000] {processor.py:830} INFO - Processing file /opt/airflow/dags/airflow.py for tasks to queue
[2025-10-06T17:14:15.497+0000] {logging_mixin.py:188} INFO - [2025-10-06T17:14:15.497+0000] {dagbag.py:545} INFO - Filling up the DagBag from /opt/airflow/dags/airflow.py
[2025-10-06T17:14:15.926+0000] {processor.py:840} INFO - DAG(s) 'Airflow_Lab1' retrieved from /opt/airflow/dags/airflow.py
[2025-10-06T17:14:15.935+0000] {logging_mixin.py:188} INFO - [2025-10-06T17:14:15.935+0000] {dag.py:3096} INFO - Sync 1 DAGs
[2025-10-06T17:14:15.941+0000] {logging_mixin.py:188} INFO - [2025-10-06T17:14:15.941+0000] {dag.py:3954} INFO - Setting next_dagrun for Airflow_Lab1 to 2025-10-06 00:00:00+00:00, run_after=2025-10-07 00:00:00+00:00
[2025-10-06T17:14:15.947+0000] {processor.py:183} INFO - Processing /opt/airflow/dags/airflow.py took 0.457 seconds
[2025-10-06T17:14:46.195+0000] {processor.py:161} INFO - Started process (PID=461) to work on /opt/airflow/dags/airflow.py
[2025-10-06T17:14:46.196+0000] {processor.py:830} INFO - Processing file /opt/airflow/dags/airflow.py for tasks to queue
[2025-10-06T17:14:46.198+0000] {logging_mixin.py:188} INFO - [2025-10-06T17:14:46.198+0000] {dagbag.py:545} INFO - Filling up the DagBag from /opt/airflow/dags/airflow.py
[2025-10-06T17:14:46.647+0000] {processor.py:840} INFO - DAG(s) 'Airflow_Lab1' retrieved from /opt/airflow/dags/airflow.py
[2025-10-06T17:14:46.657+0000] {logging_mixin.py:188} INFO - [2025-10-06T17:14:46.656+0000] {dag.py:3096} INFO - Sync 1 DAGs
[2025-10-06T17:14:46.663+0000] {logging_mixin.py:188} INFO - [2025-10-06T17:14:46.663+0000] {dag.py:3954} INFO - Setting next_dagrun for Airflow_Lab1 to 2025-10-06 00:00:00+00:00, run_after=2025-10-07 00:00:00+00:00
[2025-10-06T17:14:46.669+0000] {processor.py:183} INFO - Processing /opt/airflow/dags/airflow.py took 0.479 seconds
