[2025-10-06T17:02:23.492+0000] {manager.py:470} INFO - Processing files using up to 2 processes at a time 
[2025-10-06T17:02:23.492+0000] {manager.py:471} INFO - Process each file at most once every 30 seconds
[2025-10-06T17:02:23.492+0000] {manager.py:472} INFO - Checking for new files in /opt/airflow/dags every 300 seconds
[2025-10-06T17:02:23.493+0000] {manager.py:737} INFO - Searching for files in /opt/airflow/dags
[2025-10-06T17:02:23.508+0000] {manager.py:740} INFO - There are 1 files in /opt/airflow/dags
[2025-10-06T17:02:23.557+0000] {manager.py:878} INFO - 
================================================================================
DAG File Processing Stats

File Path                       PID  Runtime      # DAGs    # Errors  Last Runtime    Last Run
----------------------------  -----  ---------  --------  ----------  --------------  ----------
/opt/airflow/dags/airflow.py     78  0.03s             0           0
================================================================================
[2025-10-06T17:02:53.742+0000] {manager.py:878} INFO - 
================================================================================
DAG File Processing Stats

File Path                       PID  Runtime      # DAGs    # Errors  Last Runtime    Last Run
----------------------------  -----  ---------  --------  ----------  --------------  -------------------
/opt/airflow/dags/airflow.py     85  0.00s             0           1  0.04s           2025-10-06T17:02:23
================================================================================
[2025-10-06T17:03:23.959+0000] {manager.py:878} INFO - 
================================================================================
DAG File Processing Stats

File Path                       PID  Runtime      # DAGs    # Errors  Last Runtime    Last Run
----------------------------  -----  ---------  --------  ----------  --------------  -------------------
/opt/airflow/dags/airflow.py     92  0.01s             0           1  0.03s           2025-10-06T17:02:53
================================================================================
[2025-10-06T17:03:54.153+0000] {manager.py:878} INFO - 
================================================================================
DAG File Processing Stats

File Path                       PID  Runtime      # DAGs    # Errors  Last Runtime    Last Run
----------------------------  -----  ---------  --------  ----------  --------------  -------------------
/opt/airflow/dags/airflow.py     99  0.00s             0           1  0.03s           2025-10-06T17:03:23
================================================================================
[2025-10-06T17:04:24.399+0000] {manager.py:878} INFO - 
================================================================================
DAG File Processing Stats

File Path                       PID  Runtime      # DAGs    # Errors  Last Runtime    Last Run
----------------------------  -----  ---------  --------  ----------  --------------  -------------------
/opt/airflow/dags/airflow.py    106  0.01s             0           1  0.03s           2025-10-06T17:03:54
================================================================================
[2025-10-06T17:04:54.653+0000] {manager.py:878} INFO - 
================================================================================
DAG File Processing Stats

File Path                       PID  Runtime      # DAGs    # Errors  Last Runtime    Last Run
----------------------------  -----  ---------  --------  ----------  --------------  -------------------
/opt/airflow/dags/airflow.py    113  0.01s             0           1  0.07s           2025-10-06T17:04:24
================================================================================
[2025-10-06T17:05:24.928+0000] {manager.py:878} INFO - 
================================================================================
DAG File Processing Stats

File Path                     PID    Runtime      # DAGs    # Errors  Last Runtime    Last Run
----------------------------  -----  ---------  --------  ----------  --------------  -------------------
/opt/airflow/dags/airflow.py                           1           0  1.23s           2025-10-06T17:05:02
================================================================================
[2025-10-06T17:05:55.352+0000] {manager.py:878} INFO - 
================================================================================
DAG File Processing Stats

File Path                     PID    Runtime      # DAGs    # Errors  Last Runtime    Last Run
----------------------------  -----  ---------  --------  ----------  --------------  -------------------
/opt/airflow/dags/airflow.py                           1           0  0.51s           2025-10-06T17:05:33
================================================================================
[2025-10-06T17:06:25.441+0000] {manager.py:878} INFO - 
================================================================================
DAG File Processing Stats

File Path                     PID    Runtime      # DAGs    # Errors  Last Runtime    Last Run
----------------------------  -----  ---------  --------  ----------  --------------  -------------------
/opt/airflow/dags/airflow.py                           1           0  0.55s           2025-10-06T17:06:04
================================================================================
[2025-10-06T17:06:56.106+0000] {manager.py:878} INFO - 
================================================================================
DAG File Processing Stats

File Path                     PID    Runtime      # DAGs    # Errors  Last Runtime    Last Run
----------------------------  -----  ---------  --------  ----------  --------------  -------------------
/opt/airflow/dags/airflow.py                           1           0  0.50s           2025-10-06T17:06:35
================================================================================
[2025-10-06T17:07:23.804+0000] {manager.py:737} INFO - Searching for files in /opt/airflow/dags
[2025-10-06T17:07:23.840+0000] {manager.py:740} INFO - There are 1 files in /opt/airflow/dags
[2025-10-06T17:07:26.230+0000] {manager.py:878} INFO - 
================================================================================
DAG File Processing Stats

File Path                     PID    Runtime      # DAGs    # Errors  Last Runtime    Last Run
----------------------------  -----  ---------  --------  ----------  --------------  -------------------
/opt/airflow/dags/airflow.py                           1           0  0.61s           2025-10-06T17:07:05
================================================================================
[2025-10-06T17:07:56.445+0000] {manager.py:878} INFO - 
================================================================================
DAG File Processing Stats

File Path                     PID    Runtime      # DAGs    # Errors  Last Runtime    Last Run
----------------------------  -----  ---------  --------  ----------  --------------  -------------------
/opt/airflow/dags/airflow.py                           1           0  0.51s           2025-10-06T17:07:36
================================================================================
[2025-10-06T17:08:26.741+0000] {manager.py:878} INFO - 
================================================================================
DAG File Processing Stats

File Path                     PID    Runtime      # DAGs    # Errors  Last Runtime    Last Run
----------------------------  -----  ---------  --------  ----------  --------------  -------------------
/opt/airflow/dags/airflow.py                           1           0  0.52s           2025-10-06T17:08:07
================================================================================
[2025-10-06T17:08:56.995+0000] {manager.py:878} INFO - 
================================================================================
DAG File Processing Stats

File Path                     PID    Runtime      # DAGs    # Errors  Last Runtime    Last Run
----------------------------  -----  ---------  --------  ----------  --------------  -------------------
/opt/airflow/dags/airflow.py                           1           0  0.56s           2025-10-06T17:08:37
================================================================================
[2025-10-06T17:09:27.258+0000] {manager.py:878} INFO - 
================================================================================
DAG File Processing Stats

File Path                     PID    Runtime      # DAGs    # Errors  Last Runtime    Last Run
----------------------------  -----  ---------  --------  ----------  --------------  -------------------
/opt/airflow/dags/airflow.py                           1           0  0.69s           2025-10-06T17:09:08
================================================================================
[2025-10-06T17:09:57.497+0000] {manager.py:878} INFO - 
================================================================================
DAG File Processing Stats

File Path                     PID    Runtime      # DAGs    # Errors  Last Runtime    Last Run
----------------------------  -----  ---------  --------  ----------  --------------  -------------------
/opt/airflow/dags/airflow.py                           1           0  0.55s           2025-10-06T17:09:38
================================================================================
[2025-10-06T17:10:27.752+0000] {manager.py:878} INFO - 
================================================================================
DAG File Processing Stats

File Path                     PID    Runtime      # DAGs    # Errors  Last Runtime    Last Run
----------------------------  -----  ---------  --------  ----------  --------------  -------------------
/opt/airflow/dags/airflow.py                           1           0  0.65s           2025-10-06T17:10:09
================================================================================
[2025-10-06T17:10:58.134+0000] {manager.py:878} INFO - 
================================================================================
DAG File Processing Stats

File Path                     PID    Runtime      # DAGs    # Errors  Last Runtime    Last Run
----------------------------  -----  ---------  --------  ----------  --------------  -------------------
/opt/airflow/dags/airflow.py                           1           0  0.58s           2025-10-06T17:10:40
================================================================================
[2025-10-06T17:11:28.375+0000] {manager.py:878} INFO - 
================================================================================
DAG File Processing Stats

File Path                     PID    Runtime      # DAGs    # Errors  Last Runtime    Last Run
----------------------------  -----  ---------  --------  ----------  --------------  -------------------
/opt/airflow/dags/airflow.py                           1           0  0.68s           2025-10-06T17:11:11
================================================================================
[2025-10-06T17:11:58.799+0000] {manager.py:878} INFO - 
================================================================================
DAG File Processing Stats

File Path                     PID    Runtime      # DAGs    # Errors  Last Runtime    Last Run
----------------------------  -----  ---------  --------  ----------  --------------  -------------------
/opt/airflow/dags/airflow.py                           1           0  0.65s           2025-10-06T17:11:42
================================================================================
[2025-10-06T17:12:23.996+0000] {manager.py:737} INFO - Searching for files in /opt/airflow/dags
[2025-10-06T17:12:24.003+0000] {manager.py:740} INFO - There are 1 files in /opt/airflow/dags
[2025-10-06T17:12:29.057+0000] {manager.py:878} INFO - 
================================================================================
DAG File Processing Stats

File Path                     PID    Runtime      # DAGs    # Errors  Last Runtime    Last Run
----------------------------  -----  ---------  --------  ----------  --------------  -------------------
/opt/airflow/dags/airflow.py                           1           0  0.56s           2025-10-06T17:12:12
================================================================================
[2025-10-06T17:12:59.322+0000] {manager.py:878} INFO - 
================================================================================
DAG File Processing Stats

File Path                     PID    Runtime      # DAGs    # Errors  Last Runtime    Last Run
----------------------------  -----  ---------  --------  ----------  --------------  -------------------
/opt/airflow/dags/airflow.py                           1           0  0.59s           2025-10-06T17:12:43
================================================================================
[2025-10-06T17:13:29.577+0000] {manager.py:878} INFO - 
================================================================================
DAG File Processing Stats

File Path                     PID    Runtime      # DAGs    # Errors  Last Runtime    Last Run
----------------------------  -----  ---------  --------  ----------  --------------  -------------------
/opt/airflow/dags/airflow.py                           1           0  0.56s           2025-10-06T17:13:14
================================================================================
[2025-10-06T17:13:59.809+0000] {manager.py:878} INFO - 
================================================================================
DAG File Processing Stats

File Path                     PID    Runtime      # DAGs    # Errors  Last Runtime    Last Run
----------------------------  -----  ---------  --------  ----------  --------------  -------------------
/opt/airflow/dags/airflow.py                           1           0  0.55s           2025-10-06T17:13:45
================================================================================
[2025-10-06T17:14:30.037+0000] {manager.py:878} INFO - 
================================================================================
DAG File Processing Stats

File Path                     PID    Runtime      # DAGs    # Errors  Last Runtime    Last Run
----------------------------  -----  ---------  --------  ----------  --------------  -------------------
/opt/airflow/dags/airflow.py                           1           0  0.47s           2025-10-06T17:14:15
================================================================================
